Der Buildvorgang wurde am 16.12.2016 17:58:17 gestartet.
     1>Projekt "D:\mnt2\Dropbox\Workspaces\Visual Studio\Visual Studio 2015\projects\Ferrofluid\Renderer\Renderer.vcxproj" auf Knoten "3", Build Ziel(e).
     1>ClCompile:
         C:\Program Files (x86)\IntelSWTools\compilers_and_libraries_2016\windows\bin\Intel64\icl.exe /c /Qm64 /Zi /nologo /W3 /O2 /Oi /Qipo /Qftz /D __INTEL_COMPILER=1600 /D _MBCS /EHsc /MD /GS /Gy /Qoffload-option,mic,compiler,"" /Zc:wchar_t /Zc:forScope /Qstd=c99 /Qstd=c++11 /Fo"x64\Release\\" /Fd"x64\Release\vc140.pdb" /TP input.cpp Main.cpp mat4.cpp shader.cpp vec\vec2.cpp vec\vec3.cpp vec\vec4.cpp window.cpp
     1>icl: : warning #10121: overriding '/Qstd=c99' with '/Qstd=c++11'
         input.cpp
         Main.cpp
         mat4.cpp
         shader.cpp
         vec2.cpp
         vec3.cpp
         vec4.cpp
         window.cpp
       Link:
         C:\Program Files (x86)\IntelSWTools\compilers_and_libraries_2016\windows\bin\Intel64\xilink.exe -qm64 /OUT:"D:\mnt2\Dropbox\Workspaces\Visual Studio\Visual Studio 2015\projects\Ferrofluid\x64\Release\Renderer.exe" /NOLOGO glfw3.lib glew32s.lib kernel32.lib user32.lib gdi32.lib winspool.lib comdlg32.lib advapi32.lib shell32.lib ole32.lib oleaut32.lib uuid.lib odbc32.lib odbccp32.lib /MANIFEST /manifest:embed /MANIFESTUAC:"level='asInvoker' uiAccess='false'" /DEBUG /PDB:"D:\mnt2\Dropbox\Workspaces\Visual Studio\Visual Studio 2015\projects\Ferrofluid\x64\Release\Renderer.pdb" /OPT:REF /OPT:ICF /TLBID:1 /DYNAMICBASE /NXCOMPAT /IMPLIB:"D:\mnt2\Dropbox\Workspaces\Visual Studio\Visual Studio 2015\projects\Ferrofluid\x64\Release\Renderer.lib" /MACHINE:X64 x64\Release\input.obj
         x64\Release\Main.obj
         x64\Release\mat4.obj
         x64\Release\shader.obj
         x64\Release\vec2.obj
         x64\Release\vec3.obj
         x64\Release\vec4.obj
         x64\Release\window.obj
     1>ipo: : warning #11082: ipo_420450obj3.obj: locally defined symbol __imp___glewValidateProgram imported
     1>ipo: : warning #11082: ipo_420450obj3.obj: locally defined symbol __imp___glewUseProgram imported
     1>ipo: : warning #11082: ipo_420450obj3.obj: locally defined symbol __imp___glewUniformMatrix4fv imported
     1>ipo: : warning #11082: ipo_420450obj3.obj: locally defined symbol __imp___glewUniform4f imported
     1>ipo: : warning #11082: ipo_420450obj3.obj: locally defined symbol __imp___glewUniform3f imported
     1>ipo: : warning #11082: ipo_420450obj3.obj: locally defined symbol __imp___glewUniform2f imported
     1>ipo: : warning #11082: ipo_420450obj3.obj: locally defined symbol __imp___glewUniform1iv imported
     1>ipo: : warning #11082: ipo_420450obj3.obj: locally defined symbol __imp___glewUniform1i imported
     1>ipo: : warning #11082: ipo_420450obj3.obj: locally defined symbol __imp___glewUniform1fv imported
     1>ipo: : warning #11082: ipo_420450obj3.obj: locally defined symbol __imp___glewUniform1f imported
     1>ipo: : warning #11082: ipo_420450obj3.obj: locally defined symbol __imp___glewShaderSource imported
     1>ipo: : warning #11082: ipo_420450obj3.obj: locally defined symbol __imp___glewLinkProgram imported
     1>ipo: : warning #11082: ipo_420450obj3.obj: locally defined symbol __imp___glewGetUniformLocation imported
     1>ipo: : warning #11082: ipo_420450obj3.obj: locally defined symbol __imp___glewGetShaderiv imported
     1>ipo: : warning #11082: ipo_420450obj3.obj: locally defined symbol __imp___glewGetShaderInfoLog imported
     1>ipo: : warning #11082: ipo_420450obj3.obj: locally defined symbol __imp___glewDeleteShader imported
     1>ipo: : warning #11082: ipo_420450obj3.obj: locally defined symbol __imp___glewDeleteProgram imported
     1>ipo: : warning #11082: ipo_420450obj3.obj: locally defined symbol __imp___glewCreateShader imported
     1>ipo: : warning #11082: ipo_420450obj3.obj: locally defined symbol __imp___glewCreateProgram imported
     1>ipo: : warning #11082: ipo_420450obj3.obj: locally defined symbol __imp___glewCompileShader imported
     1>ipo: : warning #11082: ipo_420450obj3.obj: locally defined symbol __imp___glewAttachShader imported
       ipo: : message #11024: Main entry point was not seen
     1>LINK : fatal error LNK1561: Einstiegspunkt muss definiert werden.
     1>Die Erstellung des Projekts "D:\mnt2\Dropbox\Workspaces\Visual Studio\Visual Studio 2015\projects\Ferrofluid\Renderer\Renderer.vcxproj" ist abgeschlossen, Build Ziel(e) -- FEHLER.

Fehler beim Buildvorgang.

Verstrichene Zeit 00:00:16.89
