c:\users\birk\appdata\local\temp\irmagent.log
d:\mnt2\dropbox\workspaces\visual studio\visual studio 2015\projects\ferrofluid\renderer\x64\release\renderer.tlog\icl-intelremotemonserver-intelremotemonagent-intelremotemonagent2.read.1.tlog
d:\dropbox\workspaces\visual studio\visual studio 2015\projects\ferrofluid\renderer\x64\release\input.obj
d:\dropbox\workspaces\visual studio\visual studio 2015\projects\ferrofluid\renderer\x64\release\main.obj
d:\dropbox\workspaces\visual studio\visual studio 2015\projects\ferrofluid\renderer\x64\release\mat4.obj
d:\dropbox\workspaces\visual studio\visual studio 2015\projects\ferrofluid\renderer\x64\release\shader.obj
d:\dropbox\workspaces\visual studio\visual studio 2015\projects\ferrofluid\renderer\x64\release\vec2.obj
d:\dropbox\workspaces\visual studio\visual studio 2015\projects\ferrofluid\renderer\x64\release\vec3.obj
d:\dropbox\workspaces\visual studio\visual studio 2015\projects\ferrofluid\renderer\x64\release\vec4.obj
d:\dropbox\workspaces\visual studio\visual studio 2015\projects\ferrofluid\renderer\x64\release\window.obj
d:\mnt2\dropbox\workspaces\visual studio\visual studio 2015\projects\ferrofluid\renderer\x64\release\input.obj
d:\mnt2\dropbox\workspaces\visual studio\visual studio 2015\projects\ferrofluid\renderer\x64\release\main.obj
d:\mnt2\dropbox\workspaces\visual studio\visual studio 2015\projects\ferrofluid\renderer\x64\release\mat4.obj
d:\mnt2\dropbox\workspaces\visual studio\visual studio 2015\projects\ferrofluid\renderer\x64\release\shader.obj
d:\mnt2\dropbox\workspaces\visual studio\visual studio 2015\projects\ferrofluid\renderer\x64\release\vec2.obj
d:\mnt2\dropbox\workspaces\visual studio\visual studio 2015\projects\ferrofluid\renderer\x64\release\vec3.obj
d:\mnt2\dropbox\workspaces\visual studio\visual studio 2015\projects\ferrofluid\renderer\x64\release\vec4.obj
d:\mnt2\dropbox\workspaces\visual studio\visual studio 2015\projects\ferrofluid\renderer\x64\release\window.obj
d:\mnt2\dropbox\workspaces\visual studio\visual studio 2015\projects\ferrofluid\x64\release\renderer.pdb
d:\mnt2\dropbox\workspaces\visual studio\visual studio 2015\projects\ferrofluid\renderer\x64\release\renderer.tlog\icl-intelremotemonserver-intelremotemonagent-intelremotemonagent2.write.1.tlog
d:\mnt2\dropbox\workspaces\visual studio\visual studio 2015\projects\ferrofluid\renderer\x64\release\renderer.tlog\icl-intelremotemonserver-intelremotemonagent.read.1.tlog
d:\mnt2\dropbox\workspaces\visual studio\visual studio 2015\projects\ferrofluid\renderer\x64\release\renderer.tlog\icl-intelremotemonserver-intelremotemonagent.read.2.tlog
d:\mnt2\dropbox\workspaces\visual studio\visual studio 2015\projects\ferrofluid\renderer\x64\release\renderer.tlog\icl-intelremotemonserver-intelremotemonagent.write.2.tlog
d:\mnt2\dropbox\workspaces\visual studio\visual studio 2015\projects\ferrofluid\renderer\x64\release\renderer.tlog\icl-intelremotemonserver.read.1.tlog
d:\mnt2\dropbox\workspaces\visual studio\visual studio 2015\projects\ferrofluid\renderer\x64\release\renderer.tlog\icl-intelremotemonserver.read.2.tlog
d:\mnt2\dropbox\workspaces\visual studio\visual studio 2015\projects\ferrofluid\renderer\x64\release\renderer.tlog\icl-intelremotemonserver.read.5.tlog
d:\mnt2\dropbox\workspaces\visual studio\visual studio 2015\projects\ferrofluid\renderer\x64\release\renderer.tlog\icl-intelremotemonserver.write.2.tlog
d:\mnt2\dropbox\workspaces\visual studio\visual studio 2015\projects\ferrofluid\renderer\x64\release\renderer.tlog\icl-intelremotemonserver.write.5.tlog
d:\mnt2\dropbox\workspaces\visual studio\visual studio 2015\projects\ferrofluid\renderer\x64\release\renderer.tlog\icl-mcpcom.read.1.tlog
d:\mnt2\dropbox\workspaces\visual studio\visual studio 2015\projects\ferrofluid\renderer\x64\release\renderer.tlog\icl-mcpcom.write.1.tlog
d:\mnt2\dropbox\workspaces\visual studio\visual studio 2015\projects\ferrofluid\renderer\x64\release\renderer.tlog\icl.command.1 (birk-games in konflikt stehende kopie 2016-12-10).tlog
d:\mnt2\dropbox\workspaces\visual studio\visual studio 2015\projects\ferrofluid\renderer\x64\release\renderer.tlog\icl.command.1.tlog
d:\mnt2\dropbox\workspaces\visual studio\visual studio 2015\projects\ferrofluid\renderer\x64\release\renderer.tlog\icl.read.1 (birk-games in konflikt stehende kopie 2016-12-10).tlog
d:\mnt2\dropbox\workspaces\visual studio\visual studio 2015\projects\ferrofluid\renderer\x64\release\renderer.tlog\icl.read.1.tlog
d:\mnt2\dropbox\workspaces\visual studio\visual studio 2015\projects\ferrofluid\renderer\x64\release\renderer.tlog\icl.write.1 (birk-games in konflikt stehende kopie 2016-12-10).tlog
d:\mnt2\dropbox\workspaces\visual studio\visual studio 2015\projects\ferrofluid\renderer\x64\release\renderer.tlog\icl.write.1.tlog
d:\mnt2\dropbox\workspaces\visual studio\visual studio 2015\projects\ferrofluid\renderer\x64\release\renderer.tlog\xilink-link.read.1.tlog
d:\mnt2\dropbox\workspaces\visual studio\visual studio 2015\projects\ferrofluid\renderer\x64\release\renderer.tlog\xilink-link.write.1.tlog
d:\mnt2\dropbox\workspaces\visual studio\visual studio 2015\projects\ferrofluid\renderer\x64\release\renderer.tlog\xilink-mcpcom.read.1.tlog
d:\mnt2\dropbox\workspaces\visual studio\visual studio 2015\projects\ferrofluid\renderer\x64\release\renderer.tlog\xilink-mcpcom.write.1.tlog
d:\mnt2\dropbox\workspaces\visual studio\visual studio 2015\projects\ferrofluid\renderer\x64\release\renderer.tlog\xilink.command.1.tlog
d:\mnt2\dropbox\workspaces\visual studio\visual studio 2015\projects\ferrofluid\renderer\x64\release\renderer.tlog\xilink.read.1.tlog
d:\mnt2\dropbox\workspaces\visual studio\visual studio 2015\projects\ferrofluid\renderer\x64\release\renderer.tlog\xilink.write.1.tlog
