c:\users\birk\appdata\local\temp\irmagent.log
d:\mnt2\dropbox\workspaces\visual studio\visual studio 2015\projects\ferrofluid\ferrofluid\x64\release\simulation (desktop-84kfspus in konflikt stehende kopie 2016-12-16).obj
c:\users\birk\appdata\local\microsoft\clr_v2.0\usagelogs\intelremotemonagent2.exe.log
d:\mnt2\dropbox\workspaces\visual studio\visual studio 2015\projects\ferrofluid\ferrofluid\x64\release\main.obj
d:\mnt2\dropbox\workspaces\visual studio\visual studio 2015\projects\ferrofluid\ferrofluid\x64\release\simulation.obj
c:\users\birk\appdata\local\temp\lnk{89e4b98f-02d0-4da3-92a8-77b69575a1ec}.tmp
c:\users\birk\appdata\local\temp\lnk{047c19cc-e363-4c5d-a0a3-a54aa712af82}.tmp
c:\users\birk\appdata\local\temp\lnk{dfc8b1d5-edf5-4405-857a-66cd74e226ad}.tmp
c:\users\birk\appdata\local\temp\lnk{ed3cb14c-7b61-4cdd-8ae1-4b8c95ab6aed}.tmp
c:\users\birk\appdata\local\temp\lnk{6fdd9fc1-7e37-495d-8278-00cc72af8af8}.tmp
c:\users\birk\appdata\local\temp\lnk{58b98d53-34e2-42b2-9fd7-3cf0e216ed24}.tmp
c:\users\birk\appdata\local\temp\lnk{4dd0b83d-8b16-4d1e-a5a8-83a169b60b0d}.tmp
c:\users\birk\appdata\local\temp\lnk{870c6be5-3878-42a2-ae47-bdbb566446bf}.tmp
c:\users\birk\appdata\local\temp\lnk{cbc8ddac-553a-45e4-a893-585f543108d1}.tmp
c:\users\birk\appdata\local\temp\lnk{f412bba1-20b0-48de-b760-31f02d7ebf2c}.tmp
c:\users\birk\appdata\local\temp\lnk{353c50ee-d820-44fe-a184-5e916d40ec4c}.tmp
c:\users\birk\appdata\local\temp\lnk{16d5e247-e5e2-4da2-b882-426da9ae99d9}.tmp
c:\users\birk\appdata\local\temp\lnk{ec396ac5-8d64-4e92-a3ea-62015d09056e}.tmp
c:\users\birk\appdata\local\temp\lnk{68a347e9-bebe-4f21-9b83-afeb6ea48cb0}.tmp
c:\users\birk\appdata\local\temp\lnk{5f285e62-1553-46ea-aa23-bcf43e881b1e}.tmp
c:\users\birk\appdata\local\temp\lnk{01a00d05-8830-43c6-a30c-351ae5c13ed8}.tmp
c:\users\birk\appdata\local\temp\lnk{6d45c631-d6db-4698-97f6-92c27e3fa638}.tmp
d:\dropbox\workspaces\visual studio\visual studio 2015\projects\ferrofluid\x64\release\ferrofluid.exe
d:\dropbox\workspaces\visual studio\visual studio 2015\projects\ferrofluid\x64\release\ferrofluid.pdb
d:\mnt2\dropbox\workspaces\visual studio\visual studio 2015\projects\ferrofluid\x64\release\ferrofluid.exe
d:\mnt2\dropbox\workspaces\visual studio\visual studio 2015\projects\ferrofluid\x64\release\ferrofluid.pdb
d:\mnt2\dropbox\workspaces\visual studio\visual studio 2015\projects\ferrofluid\ferrofluid\x64\release\ferrofluid.tlog\icl-intelremotemonserver-intelremotemonagent-intelremotemonagent2.read.1.tlog
d:\mnt2\dropbox\workspaces\visual studio\visual studio 2015\projects\ferrofluid\ferrofluid\x64\release\ferrofluid.tlog\icl-intelremotemonserver-intelremotemonagent-intelremotemonagent2.write.1.tlog
d:\mnt2\dropbox\workspaces\visual studio\visual studio 2015\projects\ferrofluid\ferrofluid\x64\release\ferrofluid.tlog\icl-intelremotemonserver-intelremotemonagent.read.1 (desktop-84kfspus in konflikt stehende kopie 2016-12-16).tlog
d:\mnt2\dropbox\workspaces\visual studio\visual studio 2015\projects\ferrofluid\ferrofluid\x64\release\ferrofluid.tlog\icl-intelremotemonserver-intelremotemonagent.read.1.tlog
d:\mnt2\dropbox\workspaces\visual studio\visual studio 2015\projects\ferrofluid\ferrofluid\x64\release\ferrofluid.tlog\icl-intelremotemonserver-intelremotemonagent.read.2.tlog
d:\mnt2\dropbox\workspaces\visual studio\visual studio 2015\projects\ferrofluid\ferrofluid\x64\release\ferrofluid.tlog\icl-intelremotemonserver-intelremotemonagent.write.2 (desktop-84kfspus in konflikt stehende kopie 2016-12-16).tlog
d:\mnt2\dropbox\workspaces\visual studio\visual studio 2015\projects\ferrofluid\ferrofluid\x64\release\ferrofluid.tlog\icl-intelremotemonserver-intelremotemonagent.write.2.tlog
d:\mnt2\dropbox\workspaces\visual studio\visual studio 2015\projects\ferrofluid\ferrofluid\x64\release\ferrofluid.tlog\icl-intelremotemonserver.read.1.tlog
d:\mnt2\dropbox\workspaces\visual studio\visual studio 2015\projects\ferrofluid\ferrofluid\x64\release\ferrofluid.tlog\icl-intelremotemonserver.read.14.tlog
d:\mnt2\dropbox\workspaces\visual studio\visual studio 2015\projects\ferrofluid\ferrofluid\x64\release\ferrofluid.tlog\icl-intelremotemonserver.read.16.tlog
d:\mnt2\dropbox\workspaces\visual studio\visual studio 2015\projects\ferrofluid\ferrofluid\x64\release\ferrofluid.tlog\icl-intelremotemonserver.read.2.tlog
d:\mnt2\dropbox\workspaces\visual studio\visual studio 2015\projects\ferrofluid\ferrofluid\x64\release\ferrofluid.tlog\icl-intelremotemonserver.read.9 (desktop-84kfspus in konflikt stehende kopie 2016-12-16).tlog
d:\mnt2\dropbox\workspaces\visual studio\visual studio 2015\projects\ferrofluid\ferrofluid\x64\release\ferrofluid.tlog\icl-intelremotemonserver.read.9.tlog
d:\mnt2\dropbox\workspaces\visual studio\visual studio 2015\projects\ferrofluid\ferrofluid\x64\release\ferrofluid.tlog\icl-intelremotemonserver.write.14.tlog
d:\mnt2\dropbox\workspaces\visual studio\visual studio 2015\projects\ferrofluid\ferrofluid\x64\release\ferrofluid.tlog\icl-intelremotemonserver.write.16.tlog
d:\mnt2\dropbox\workspaces\visual studio\visual studio 2015\projects\ferrofluid\ferrofluid\x64\release\ferrofluid.tlog\icl-intelremotemonserver.write.2.tlog
d:\mnt2\dropbox\workspaces\visual studio\visual studio 2015\projects\ferrofluid\ferrofluid\x64\release\ferrofluid.tlog\icl-intelremotemonserver.write.9.tlog
d:\mnt2\dropbox\workspaces\visual studio\visual studio 2015\projects\ferrofluid\ferrofluid\x64\release\ferrofluid.tlog\icl-mcpcom.read.1.tlog
d:\mnt2\dropbox\workspaces\visual studio\visual studio 2015\projects\ferrofluid\ferrofluid\x64\release\ferrofluid.tlog\icl-mcpcom.write.1.tlog
d:\mnt2\dropbox\workspaces\visual studio\visual studio 2015\projects\ferrofluid\ferrofluid\x64\release\ferrofluid.tlog\icl.command.1.tlog
d:\mnt2\dropbox\workspaces\visual studio\visual studio 2015\projects\ferrofluid\ferrofluid\x64\release\ferrofluid.tlog\icl.read.1.tlog
d:\mnt2\dropbox\workspaces\visual studio\visual studio 2015\projects\ferrofluid\ferrofluid\x64\release\ferrofluid.tlog\icl.write.1.tlog
d:\mnt2\dropbox\workspaces\visual studio\visual studio 2015\projects\ferrofluid\ferrofluid\x64\release\ferrofluid.tlog\xilink-link-cvtres.read.1.tlog
d:\mnt2\dropbox\workspaces\visual studio\visual studio 2015\projects\ferrofluid\ferrofluid\x64\release\ferrofluid.tlog\xilink-link-cvtres.write.1.tlog
d:\mnt2\dropbox\workspaces\visual studio\visual studio 2015\projects\ferrofluid\ferrofluid\x64\release\ferrofluid.tlog\xilink-link-rc.read.1.tlog
d:\mnt2\dropbox\workspaces\visual studio\visual studio 2015\projects\ferrofluid\ferrofluid\x64\release\ferrofluid.tlog\xilink-link-rc.write.1.tlog
d:\mnt2\dropbox\workspaces\visual studio\visual studio 2015\projects\ferrofluid\ferrofluid\x64\release\ferrofluid.tlog\xilink-link.read.1.tlog
d:\mnt2\dropbox\workspaces\visual studio\visual studio 2015\projects\ferrofluid\ferrofluid\x64\release\ferrofluid.tlog\xilink-link.write.1.tlog
d:\mnt2\dropbox\workspaces\visual studio\visual studio 2015\projects\ferrofluid\ferrofluid\x64\release\ferrofluid.tlog\xilink-mcpcom.read.1.tlog
d:\mnt2\dropbox\workspaces\visual studio\visual studio 2015\projects\ferrofluid\ferrofluid\x64\release\ferrofluid.tlog\xilink-mcpcom.write.1.tlog
d:\mnt2\dropbox\workspaces\visual studio\visual studio 2015\projects\ferrofluid\ferrofluid\x64\release\ferrofluid.tlog\xilink.command.1.tlog
d:\mnt2\dropbox\workspaces\visual studio\visual studio 2015\projects\ferrofluid\ferrofluid\x64\release\ferrofluid.tlog\xilink.read.1.tlog
d:\mnt2\dropbox\workspaces\visual studio\visual studio 2015\projects\ferrofluid\ferrofluid\x64\release\ferrofluid.tlog\xilink.write.1.tlog
